<?xml version="1.0" encoding="UTF-8"?>
<testsuite name="com.project.montap.MontapApplicationTests" tests="1" skipped="0" failures="0" errors="0" timestamp="2021-10-29T07:55:43" hostname="LEEMURU" time="0.887">
  <properties/>
  <testcase name="createDummyItem()" classname="com.project.montap.MontapApplicationTests" time="0.887"/>
  <system-out><![CDATA[16:55:34.573 [Test worker] DEBUG org.springframework.test.context.BootstrapUtils - Instantiating CacheAwareContextLoaderDelegate from class [org.springframework.test.context.cache.DefaultCacheAwareContextLoaderDelegate]
16:55:34.593 [Test worker] DEBUG org.springframework.test.context.BootstrapUtils - Instantiating BootstrapContext using constructor [public org.springframework.test.context.support.DefaultBootstrapContext(java.lang.Class,org.springframework.test.context.CacheAwareContextLoaderDelegate)]
16:55:34.675 [Test worker] DEBUG org.springframework.test.context.BootstrapUtils - Instantiating TestContextBootstrapper for test class [com.project.montap.MontapApplicationTests] from class [org.springframework.boot.test.context.SpringBootTestContextBootstrapper]
16:55:34.719 [Test worker] INFO org.springframework.boot.test.context.SpringBootTestContextBootstrapper - Neither @ContextConfiguration nor @ContextHierarchy found for test class [com.project.montap.MontapApplicationTests], using SpringBootContextLoader
16:55:34.726 [Test worker] DEBUG org.springframework.test.context.support.AbstractContextLoader - Did not detect default resource location for test class [com.project.montap.MontapApplicationTests]: class path resource [com/project/montap/MontapApplicationTests-context.xml] does not exist
16:55:34.727 [Test worker] DEBUG org.springframework.test.context.support.AbstractContextLoader - Did not detect default resource location for test class [com.project.montap.MontapApplicationTests]: class path resource [com/project/montap/MontapApplicationTestsContext.groovy] does not exist
16:55:34.728 [Test worker] INFO org.springframework.test.context.support.AbstractContextLoader - Could not detect default resource locations for test class [com.project.montap.MontapApplicationTests]: no resource found for suffixes {-context.xml, Context.groovy}.
16:55:34.730 [Test worker] INFO org.springframework.test.context.support.AnnotationConfigContextLoaderUtils - Could not detect default configuration classes for test class [com.project.montap.MontapApplicationTests]: MontapApplicationTests does not declare any static, non-private, non-final, nested classes annotated with @Configuration.
16:55:34.817 [Test worker] DEBUG org.springframework.test.context.support.ActiveProfilesUtils - Could not find an 'annotation declaring class' for annotation type [org.springframework.test.context.ActiveProfiles] and class [com.project.montap.MontapApplicationTests]
16:55:34.929 [Test worker] DEBUG org.springframework.context.annotation.ClassPathScanningCandidateComponentProvider - Identified candidate component class: file [C:\Workspace\IJ-workspace\montap\build\classes\java\main\com\project\montap\MontapApplication.class]
16:55:34.932 [Test worker] INFO org.springframework.boot.test.context.SpringBootTestContextBootstrapper - Found @SpringBootConfiguration com.project.montap.MontapApplication for test class com.project.montap.MontapApplicationTests
16:55:35.112 [Test worker] DEBUG org.springframework.boot.test.context.SpringBootTestContextBootstrapper - @TestExecutionListeners is not present for class [com.project.montap.MontapApplicationTests]: using defaults.
16:55:35.113 [Test worker] INFO org.springframework.boot.test.context.SpringBootTestContextBootstrapper - Loaded default TestExecutionListener class names from location [META-INF/spring.factories]: [org.springframework.boot.test.autoconfigure.restdocs.RestDocsTestExecutionListener, org.springframework.boot.test.autoconfigure.web.client.MockRestServiceServerResetTestExecutionListener, org.springframework.boot.test.autoconfigure.web.servlet.MockMvcPrintOnlyOnFailureTestExecutionListener, org.springframework.boot.test.autoconfigure.web.servlet.WebDriverTestExecutionListener, org.springframework.boot.test.autoconfigure.webservices.client.MockWebServiceServerTestExecutionListener, org.springframework.boot.test.mock.mockito.MockitoTestExecutionListener, org.springframework.boot.test.mock.mockito.ResetMocksTestExecutionListener, org.springframework.test.context.web.ServletTestExecutionListener, org.springframework.test.context.support.DirtiesContextBeforeModesTestExecutionListener, org.springframework.test.context.event.ApplicationEventsTestExecutionListener, org.springframework.test.context.support.DependencyInjectionTestExecutionListener, org.springframework.test.context.support.DirtiesContextTestExecutionListener, org.springframework.test.context.transaction.TransactionalTestExecutionListener, org.springframework.test.context.jdbc.SqlScriptsTestExecutionListener, org.springframework.test.context.event.EventPublishingTestExecutionListener]
16:55:35.154 [Test worker] INFO org.springframework.boot.test.context.SpringBootTestContextBootstrapper - Using TestExecutionListeners: [org.springframework.test.context.web.ServletTestExecutionListener@31c269fd, org.springframework.test.context.support.DirtiesContextBeforeModesTestExecutionListener@372b0d86, org.springframework.test.context.event.ApplicationEventsTestExecutionListener@47747fb9, org.springframework.boot.test.mock.mockito.MockitoTestExecutionListener@3113a37, org.springframework.boot.test.autoconfigure.SpringBootDependencyInjectionTestExecutionListener@213e3629, org.springframework.test.context.support.DirtiesContextTestExecutionListener@4e9658b5, org.springframework.test.context.transaction.TransactionalTestExecutionListener@2a7b6f69, org.springframework.test.context.jdbc.SqlScriptsTestExecutionListener@20312893, org.springframework.test.context.event.EventPublishingTestExecutionListener@70eecdc2, org.springframework.boot.test.autoconfigure.restdocs.RestDocsTestExecutionListener@c41709a, org.springframework.boot.test.autoconfigure.web.client.MockRestServiceServerResetTestExecutionListener@7db0565c, org.springframework.boot.test.autoconfigure.web.servlet.MockMvcPrintOnlyOnFailureTestExecutionListener@54ec8cc9, org.springframework.boot.test.autoconfigure.web.servlet.WebDriverTestExecutionListener@52eacb4b, org.springframework.boot.test.autoconfigure.webservices.client.MockWebServiceServerTestExecutionListener@5528a42c, org.springframework.boot.test.mock.mockito.ResetMocksTestExecutionListener@2a551a63]
16:55:35.164 [Test worker] DEBUG org.springframework.test.context.support.AbstractDirtiesContextTestExecutionListener - Before test class: context [DefaultTestContext@60d84f61 testClass = MontapApplicationTests, testInstance = [null], testMethod = [null], testException = [null], mergedContextConfiguration = [WebMergedContextConfiguration@39c11e6c testClass = MontapApplicationTests, locations = '{}', classes = '{class com.project.montap.MontapApplication}', contextInitializerClasses = '[]', activeProfiles = '{}', propertySourceLocations = '{}', propertySourceProperties = '{org.springframework.boot.test.context.SpringBootTestContextBootstrapper=true}', contextCustomizers = set[org.springframework.boot.test.autoconfigure.actuate.metrics.MetricsExportContextCustomizerFactory$DisableMetricExportContextCustomizer@75b25825, org.springframework.boot.test.autoconfigure.properties.PropertyMappingContextCustomizer@0, org.springframework.boot.test.autoconfigure.web.servlet.WebDriverContextCustomizerFactory$Customizer@36f48b4, org.springframework.boot.test.context.filter.ExcludeFilterContextCustomizer@3f792b9b, org.springframework.boot.test.json.DuplicateJsonObjectContextCustomizerFactory$DuplicateJsonObjectContextCustomizer@1cbf6e72, org.springframework.boot.test.mock.mockito.MockitoContextCustomizer@0, org.springframework.boot.test.web.client.TestRestTemplateContextCustomizer@6cfcd46d, org.springframework.boot.test.context.SpringBootTestArgs@1, org.springframework.boot.test.context.SpringBootTestWebEnvironment@264f218], resourceBasePath = 'src/main/webapp', contextLoader = 'org.springframework.boot.test.context.SpringBootContextLoader', parent = [null]], attributes = map['org.springframework.test.context.web.ServletTestExecutionListener.activateListener' -> true]], class annotated with @DirtiesContext [false] with mode [null].
16:55:35.238 [Test worker] DEBUG org.springframework.test.context.support.TestPropertySourceUtils - Adding inlined properties to environment: {spring.jmx.enabled=false, org.springframework.boot.test.context.SpringBootTestContextBootstrapper=true}

  .   ____          _            __ _ _
 /\\ / ___'_ __ _ _(_)_ __  __ _ \ \ \ \
( ( )\___ | '_ | '_| | '_ \/ _` | \ \ \ \
 \\/  ___)| |_)| | | | | || (_| |  ) ) ) )
  '  |____| .__|_| |_|_| |_\__, | / / / /
 =========|_|==============|___/=/_/_/_/
 :: Spring Boot ::                (v2.5.6)

2021-10-29 16:55:35.666  INFO 12536 --- [    Test worker] c.project.montap.MontapApplicationTests  : Starting MontapApplicationTests using Java 11.0.12 on leemuru with PID 12536 (started by leemu in C:\Workspace\IJ-workspace\montap)
2021-10-29 16:55:35.673  INFO 12536 --- [    Test worker] c.project.montap.MontapApplicationTests  : No active profile set, falling back to default profiles: default
2021-10-29 16:55:37.060  INFO 12536 --- [    Test worker] .s.d.r.c.RepositoryConfigurationDelegate : Bootstrapping Spring Data JPA repositories in DEFAULT mode.
2021-10-29 16:55:37.188  INFO 12536 --- [    Test worker] .s.d.r.c.RepositoryConfigurationDelegate : Finished Spring Data repository scanning in 111 ms. Found 3 JPA repository interfaces.
2021-10-29 16:55:38.394  INFO 12536 --- [    Test worker] o.hibernate.jpa.internal.util.LogHelper  : HHH000204: Processing PersistenceUnitInfo [name: default]
2021-10-29 16:55:38.511  INFO 12536 --- [    Test worker] org.hibernate.Version                    : HHH000412: Hibernate ORM core version 5.4.32.Final
2021-10-29 16:55:38.809  INFO 12536 --- [    Test worker] o.hibernate.annotations.common.Version   : HCANN000001: Hibernate Commons Annotations {5.1.2.Final}
2021-10-29 16:55:39.004  INFO 12536 --- [    Test worker] com.zaxxer.hikari.HikariDataSource       : HikariPool-1 - Starting...
2021-10-29 16:55:39.275  INFO 12536 --- [    Test worker] com.zaxxer.hikari.HikariDataSource       : HikariPool-1 - Start completed.
2021-10-29 16:55:39.335  INFO 12536 --- [    Test worker] org.hibernate.dialect.Dialect            : HHH000400: Using dialect: org.hibernate.dialect.MySQL8Dialect
Hibernate: 
    
    alter table inventory_item 
       drop 
       foreign key FKhydweeo01basg7axxm7o0oy3d
Hibernate: 
    
    alter table inventory_item 
       drop 
       foreign key FKcy22psjpeklvuqjqxkuq9nde2
Hibernate: 
    
    drop table if exists hibernate_sequence
Hibernate: 
    
    drop table if exists inventory_item
Hibernate: 
    
    drop table if exists item
Hibernate: 
    
    drop table if exists users
Hibernate: 
    
    create table hibernate_sequence (
       next_val bigint
    ) engine=InnoDB
Hibernate: 
    
    insert into hibernate_sequence values ( 1 )
Hibernate: 
    
    create table inventory_item (
       inventory_item_idx bigint not null,
        drop_date TIMESTAMP DEFAULT CURRENT_TIMESTAMP,
        equip_yn INTEGER NOT NULL DEFAULT 0,
        item_idx bigint,
        user_idx bigint,
        primary key (inventory_item_idx)
    ) engine=InnoDB
Hibernate: 
    
    create table item (
       item_idx bigint not null,
        damage integer not null,
        defense integer not null,
        description varchar(255),
        hp integer not null,
        item_rank integer not null,
        item_type integer,
        item_url varchar(255),
        name varchar(255),
        price integer not null,
        primary key (item_idx)
    ) engine=InnoDB
Hibernate: 
    
    create table users (
       user_idx bigint not null,
        damage INTEGER NOT NULL DEFAULT 10,
        defense INTEGER NOT NULL DEFAULT 0,
        email varchar(255),
        hp INTEGER NOT NULL DEFAULT 100,
        money integer not null,
        nickname varchar(255),
        role varchar(255),
        stage integer not null,
        user_id varchar(255),
        user_pwd varchar(255),
        primary key (user_idx)
    ) engine=InnoDB
Hibernate: 
    
    alter table inventory_item 
       add constraint FKhydweeo01basg7axxm7o0oy3d 
       foreign key (item_idx) 
       references item (item_idx)
Hibernate: 
    
    alter table inventory_item 
       add constraint FKcy22psjpeklvuqjqxkuq9nde2 
       foreign key (user_idx) 
       references users (user_idx)
2021-10-29 16:55:40.957  INFO 12536 --- [    Test worker] o.h.e.t.j.p.i.JtaPlatformInitiator       : HHH000490: Using JtaPlatform implementation: [org.hibernate.engine.transaction.jta.platform.internal.NoJtaPlatform]
2021-10-29 16:55:40.971  INFO 12536 --- [    Test worker] j.LocalContainerEntityManagerFactoryBean : Initialized JPA EntityManagerFactory for persistence unit 'default'
2021-10-29 16:55:41.808  WARN 12536 --- [    Test worker] JpaBaseConfiguration$JpaWebConfiguration : spring.jpa.open-in-view is enabled by default. Therefore, database queries may be performed during view rendering. Explicitly configure spring.jpa.open-in-view to disable this warning
2021-10-29 16:55:42.306  INFO 12536 --- [    Test worker] o.s.s.web.DefaultSecurityFilterChain     : Will secure any request with [org.springframework.security.web.context.request.async.WebAsyncManagerIntegrationFilter@37fd496a, org.springframework.security.web.context.SecurityContextPersistenceFilter@2f6d8c9, org.springframework.security.web.header.HeaderWriterFilter@796e2187, org.springframework.security.web.authentication.logout.LogoutFilter@459df48d, com.project.montap.security.filter.AjaxLoginProcessingFilter@377cbdae, org.springframework.security.web.savedrequest.RequestCacheAwareFilter@7bb86ac, org.springframework.security.web.servletapi.SecurityContextHolderAwareRequestFilter@410f1452, org.springframework.security.web.authentication.AnonymousAuthenticationFilter@6c4e486e, org.springframework.security.web.session.SessionManagementFilter@4027edeb, org.springframework.security.web.access.ExceptionTranslationFilter@160cf225, org.springframework.security.web.access.intercept.FilterSecurityInterceptor@2823b7c5]
2021-10-29 16:55:43.542  INFO 12536 --- [    Test worker] c.project.montap.MontapApplicationTests  : Started MontapApplicationTests in 8.289 seconds (JVM running for 10.51)
Hibernate: 
    select
        next_val as id_val 
    from
        hibernate_sequence for update
            
Hibernate: 
    update
        hibernate_sequence 
    set
        next_val= ? 
    where
        next_val=?
Hibernate: 
    select
        next_val as id_val 
    from
        hibernate_sequence for update
            
Hibernate: 
    update
        hibernate_sequence 
    set
        next_val= ? 
    where
        next_val=?
Hibernate: 
    select
        next_val as id_val 
    from
        hibernate_sequence for update
            
Hibernate: 
    update
        hibernate_sequence 
    set
        next_val= ? 
    where
        next_val=?
Hibernate: 
    select
        next_val as id_val 
    from
        hibernate_sequence for update
            
Hibernate: 
    update
        hibernate_sequence 
    set
        next_val= ? 
    where
        next_val=?
Hibernate: 
    select
        next_val as id_val 
    from
        hibernate_sequence for update
            
Hibernate: 
    update
        hibernate_sequence 
    set
        next_val= ? 
    where
        next_val=?
Hibernate: 
    select
        next_val as id_val 
    from
        hibernate_sequence for update
            
Hibernate: 
    update
        hibernate_sequence 
    set
        next_val= ? 
    where
        next_val=?
Hibernate: 
    select
        next_val as id_val 
    from
        hibernate_sequence for update
            
Hibernate: 
    update
        hibernate_sequence 
    set
        next_val= ? 
    where
        next_val=?
Hibernate: 
    select
        next_val as id_val 
    from
        hibernate_sequence for update
            
Hibernate: 
    update
        hibernate_sequence 
    set
        next_val= ? 
    where
        next_val=?
Hibernate: 
    select
        next_val as id_val 
    from
        hibernate_sequence for update
            
Hibernate: 
    update
        hibernate_sequence 
    set
        next_val= ? 
    where
        next_val=?
Hibernate: 
    select
        next_val as id_val 
    from
        hibernate_sequence for update
            
Hibernate: 
    update
        hibernate_sequence 
    set
        next_val= ? 
    where
        next_val=?
Hibernate: 
    select
        next_val as id_val 
    from
        hibernate_sequence for update
            
Hibernate: 
    update
        hibernate_sequence 
    set
        next_val= ? 
    where
        next_val=?
Hibernate: 
    select
        next_val as id_val 
    from
        hibernate_sequence for update
            
Hibernate: 
    update
        hibernate_sequence 
    set
        next_val= ? 
    where
        next_val=?
Hibernate: 
    select
        next_val as id_val 
    from
        hibernate_sequence for update
            
Hibernate: 
    update
        hibernate_sequence 
    set
        next_val= ? 
    where
        next_val=?
Hibernate: 
    select
        next_val as id_val 
    from
        hibernate_sequence for update
            
Hibernate: 
    update
        hibernate_sequence 
    set
        next_val= ? 
    where
        next_val=?
Hibernate: 
    select
        next_val as id_val 
    from
        hibernate_sequence for update
            
Hibernate: 
    update
        hibernate_sequence 
    set
        next_val= ? 
    where
        next_val=?
Hibernate: 
    select
        next_val as id_val 
    from
        hibernate_sequence for update
            
Hibernate: 
    update
        hibernate_sequence 
    set
        next_val= ? 
    where
        next_val=?
Hibernate: 
    select
        next_val as id_val 
    from
        hibernate_sequence for update
            
Hibernate: 
    update
        hibernate_sequence 
    set
        next_val= ? 
    where
        next_val=?
Hibernate: 
    select
        next_val as id_val 
    from
        hibernate_sequence for update
            
Hibernate: 
    update
        hibernate_sequence 
    set
        next_val= ? 
    where
        next_val=?
Hibernate: 
    select
        next_val as id_val 
    from
        hibernate_sequence for update
            
Hibernate: 
    update
        hibernate_sequence 
    set
        next_val= ? 
    where
        next_val=?
Hibernate: 
    select
        next_val as id_val 
    from
        hibernate_sequence for update
            
Hibernate: 
    update
        hibernate_sequence 
    set
        next_val= ? 
    where
        next_val=?
Hibernate: 
    select
        next_val as id_val 
    from
        hibernate_sequence for update
            
Hibernate: 
    update
        hibernate_sequence 
    set
        next_val= ? 
    where
        next_val=?
Hibernate: 
    select
        next_val as id_val 
    from
        hibernate_sequence for update
            
Hibernate: 
    update
        hibernate_sequence 
    set
        next_val= ? 
    where
        next_val=?
Hibernate: 
    select
        next_val as id_val 
    from
        hibernate_sequence for update
            
Hibernate: 
    update
        hibernate_sequence 
    set
        next_val= ? 
    where
        next_val=?
Hibernate: 
    select
        next_val as id_val 
    from
        hibernate_sequence for update
            
Hibernate: 
    update
        hibernate_sequence 
    set
        next_val= ? 
    where
        next_val=?
Hibernate: 
    select
        next_val as id_val 
    from
        hibernate_sequence for update
            
Hibernate: 
    update
        hibernate_sequence 
    set
        next_val= ? 
    where
        next_val=?
Hibernate: 
    select
        next_val as id_val 
    from
        hibernate_sequence for update
            
Hibernate: 
    update
        hibernate_sequence 
    set
        next_val= ? 
    where
        next_val=?
Hibernate: 
    select
        next_val as id_val 
    from
        hibernate_sequence for update
            
Hibernate: 
    update
        hibernate_sequence 
    set
        next_val= ? 
    where
        next_val=?
Hibernate: 
    select
        next_val as id_val 
    from
        hibernate_sequence for update
            
Hibernate: 
    update
        hibernate_sequence 
    set
        next_val= ? 
    where
        next_val=?
Hibernate: 
    select
        next_val as id_val 
    from
        hibernate_sequence for update
            
Hibernate: 
    update
        hibernate_sequence 
    set
        next_val= ? 
    where
        next_val=?
Hibernate: 
    select
        next_val as id_val 
    from
        hibernate_sequence for update
            
Hibernate: 
    update
        hibernate_sequence 
    set
        next_val= ? 
    where
        next_val=?
Hibernate: 
    insert 
    into
        item
        (damage, defense, description, hp, item_rank, item_type, item_url, name, price, item_idx) 
    values
        (?, ?, ?, ?, ?, ?, ?, ?, ?, ?)
Hibernate: 
    insert 
    into
        item
        (damage, defense, description, hp, item_rank, item_type, item_url, name, price, item_idx) 
    values
        (?, ?, ?, ?, ?, ?, ?, ?, ?, ?)
Hibernate: 
    insert 
    into
        item
        (damage, defense, description, hp, item_rank, item_type, item_url, name, price, item_idx) 
    values
        (?, ?, ?, ?, ?, ?, ?, ?, ?, ?)
Hibernate: 
    insert 
    into
        item
        (damage, defense, description, hp, item_rank, item_type, item_url, name, price, item_idx) 
    values
        (?, ?, ?, ?, ?, ?, ?, ?, ?, ?)
Hibernate: 
    insert 
    into
        item
        (damage, defense, description, hp, item_rank, item_type, item_url, name, price, item_idx) 
    values
        (?, ?, ?, ?, ?, ?, ?, ?, ?, ?)
Hibernate: 
    insert 
    into
        item
        (damage, defense, description, hp, item_rank, item_type, item_url, name, price, item_idx) 
    values
        (?, ?, ?, ?, ?, ?, ?, ?, ?, ?)
Hibernate: 
    insert 
    into
        item
        (damage, defense, description, hp, item_rank, item_type, item_url, name, price, item_idx) 
    values
        (?, ?, ?, ?, ?, ?, ?, ?, ?, ?)
Hibernate: 
    insert 
    into
        item
        (damage, defense, description, hp, item_rank, item_type, item_url, name, price, item_idx) 
    values
        (?, ?, ?, ?, ?, ?, ?, ?, ?, ?)
Hibernate: 
    insert 
    into
        item
        (damage, defense, description, hp, item_rank, item_type, item_url, name, price, item_idx) 
    values
        (?, ?, ?, ?, ?, ?, ?, ?, ?, ?)
Hibernate: 
    insert 
    into
        item
        (damage, defense, description, hp, item_rank, item_type, item_url, name, price, item_idx) 
    values
        (?, ?, ?, ?, ?, ?, ?, ?, ?, ?)
Hibernate: 
    insert 
    into
        item
        (damage, defense, description, hp, item_rank, item_type, item_url, name, price, item_idx) 
    values
        (?, ?, ?, ?, ?, ?, ?, ?, ?, ?)
Hibernate: 
    insert 
    into
        item
        (damage, defense, description, hp, item_rank, item_type, item_url, name, price, item_idx) 
    values
        (?, ?, ?, ?, ?, ?, ?, ?, ?, ?)
Hibernate: 
    insert 
    into
        item
        (damage, defense, description, hp, item_rank, item_type, item_url, name, price, item_idx) 
    values
        (?, ?, ?, ?, ?, ?, ?, ?, ?, ?)
Hibernate: 
    insert 
    into
        item
        (damage, defense, description, hp, item_rank, item_type, item_url, name, price, item_idx) 
    values
        (?, ?, ?, ?, ?, ?, ?, ?, ?, ?)
Hibernate: 
    insert 
    into
        item
        (damage, defense, description, hp, item_rank, item_type, item_url, name, price, item_idx) 
    values
        (?, ?, ?, ?, ?, ?, ?, ?, ?, ?)
Hibernate: 
    insert 
    into
        item
        (damage, defense, description, hp, item_rank, item_type, item_url, name, price, item_idx) 
    values
        (?, ?, ?, ?, ?, ?, ?, ?, ?, ?)
Hibernate: 
    insert 
    into
        item
        (damage, defense, description, hp, item_rank, item_type, item_url, name, price, item_idx) 
    values
        (?, ?, ?, ?, ?, ?, ?, ?, ?, ?)
Hibernate: 
    insert 
    into
        item
        (damage, defense, description, hp, item_rank, item_type, item_url, name, price, item_idx) 
    values
        (?, ?, ?, ?, ?, ?, ?, ?, ?, ?)
Hibernate: 
    insert 
    into
        item
        (damage, defense, description, hp, item_rank, item_type, item_url, name, price, item_idx) 
    values
        (?, ?, ?, ?, ?, ?, ?, ?, ?, ?)
Hibernate: 
    insert 
    into
        item
        (damage, defense, description, hp, item_rank, item_type, item_url, name, price, item_idx) 
    values
        (?, ?, ?, ?, ?, ?, ?, ?, ?, ?)
Hibernate: 
    insert 
    into
        item
        (damage, defense, description, hp, item_rank, item_type, item_url, name, price, item_idx) 
    values
        (?, ?, ?, ?, ?, ?, ?, ?, ?, ?)
Hibernate: 
    insert 
    into
        item
        (damage, defense, description, hp, item_rank, item_type, item_url, name, price, item_idx) 
    values
        (?, ?, ?, ?, ?, ?, ?, ?, ?, ?)
Hibernate: 
    insert 
    into
        item
        (damage, defense, description, hp, item_rank, item_type, item_url, name, price, item_idx) 
    values
        (?, ?, ?, ?, ?, ?, ?, ?, ?, ?)
Hibernate: 
    insert 
    into
        item
        (damage, defense, description, hp, item_rank, item_type, item_url, name, price, item_idx) 
    values
        (?, ?, ?, ?, ?, ?, ?, ?, ?, ?)
Hibernate: 
    insert 
    into
        item
        (damage, defense, description, hp, item_rank, item_type, item_url, name, price, item_idx) 
    values
        (?, ?, ?, ?, ?, ?, ?, ?, ?, ?)
Hibernate: 
    insert 
    into
        item
        (damage, defense, description, hp, item_rank, item_type, item_url, name, price, item_idx) 
    values
        (?, ?, ?, ?, ?, ?, ?, ?, ?, ?)
Hibernate: 
    insert 
    into
        item
        (damage, defense, description, hp, item_rank, item_type, item_url, name, price, item_idx) 
    values
        (?, ?, ?, ?, ?, ?, ?, ?, ?, ?)
Hibernate: 
    insert 
    into
        item
        (damage, defense, description, hp, item_rank, item_type, item_url, name, price, item_idx) 
    values
        (?, ?, ?, ?, ?, ?, ?, ?, ?, ?)
Hibernate: 
    insert 
    into
        item
        (damage, defense, description, hp, item_rank, item_type, item_url, name, price, item_idx) 
    values
        (?, ?, ?, ?, ?, ?, ?, ?, ?, ?)
Hibernate: 
    insert 
    into
        item
        (damage, defense, description, hp, item_rank, item_type, item_url, name, price, item_idx) 
    values
        (?, ?, ?, ?, ?, ?, ?, ?, ?, ?)
]]></system-out>
  <system-err><![CDATA[]]></system-err>
</testsuite>
