<?xml version="1.0" encoding="UTF-8"?>
<testsuite name="com.project.montap.MontapApplicationTests" tests="1" skipped="0" failures="0" errors="0" timestamp="2021-10-31T10:03:20" hostname="LEEMURU" time="0.431">
  <properties/>
  <testcase name="createDummyItem()" classname="com.project.montap.MontapApplicationTests" time="0.431"/>
  <system-out><![CDATA[19:03:10.990 [Test worker] DEBUG org.springframework.test.context.BootstrapUtils - Instantiating CacheAwareContextLoaderDelegate from class [org.springframework.test.context.cache.DefaultCacheAwareContextLoaderDelegate]
19:03:11.011 [Test worker] DEBUG org.springframework.test.context.BootstrapUtils - Instantiating BootstrapContext using constructor [public org.springframework.test.context.support.DefaultBootstrapContext(java.lang.Class,org.springframework.test.context.CacheAwareContextLoaderDelegate)]
19:03:11.073 [Test worker] DEBUG org.springframework.test.context.BootstrapUtils - Instantiating TestContextBootstrapper for test class [com.project.montap.MontapApplicationTests] from class [org.springframework.boot.test.context.SpringBootTestContextBootstrapper]
19:03:11.089 [Test worker] INFO org.springframework.boot.test.context.SpringBootTestContextBootstrapper - Neither @ContextConfiguration nor @ContextHierarchy found for test class [com.project.montap.MontapApplicationTests], using SpringBootContextLoader
19:03:11.096 [Test worker] DEBUG org.springframework.test.context.support.AbstractContextLoader - Did not detect default resource location for test class [com.project.montap.MontapApplicationTests]: class path resource [com/project/montap/MontapApplicationTests-context.xml] does not exist
19:03:11.096 [Test worker] DEBUG org.springframework.test.context.support.AbstractContextLoader - Did not detect default resource location for test class [com.project.montap.MontapApplicationTests]: class path resource [com/project/montap/MontapApplicationTestsContext.groovy] does not exist
19:03:11.100 [Test worker] INFO org.springframework.test.context.support.AbstractContextLoader - Could not detect default resource locations for test class [com.project.montap.MontapApplicationTests]: no resource found for suffixes {-context.xml, Context.groovy}.
19:03:11.101 [Test worker] INFO org.springframework.test.context.support.AnnotationConfigContextLoaderUtils - Could not detect default configuration classes for test class [com.project.montap.MontapApplicationTests]: MontapApplicationTests does not declare any static, non-private, non-final, nested classes annotated with @Configuration.
19:03:11.174 [Test worker] DEBUG org.springframework.test.context.support.ActiveProfilesUtils - Could not find an 'annotation declaring class' for annotation type [org.springframework.test.context.ActiveProfiles] and class [com.project.montap.MontapApplicationTests]
19:03:11.248 [Test worker] DEBUG org.springframework.context.annotation.ClassPathScanningCandidateComponentProvider - Identified candidate component class: file [C:\Workspace\IJ-workspace\montap\build\classes\java\main\com\project\montap\MontapApplication.class]
19:03:11.258 [Test worker] INFO org.springframework.boot.test.context.SpringBootTestContextBootstrapper - Found @SpringBootConfiguration com.project.montap.MontapApplication for test class com.project.montap.MontapApplicationTests
19:03:11.460 [Test worker] DEBUG org.springframework.boot.test.context.SpringBootTestContextBootstrapper - @TestExecutionListeners is not present for class [com.project.montap.MontapApplicationTests]: using defaults.
19:03:11.462 [Test worker] INFO org.springframework.boot.test.context.SpringBootTestContextBootstrapper - Loaded default TestExecutionListener class names from location [META-INF/spring.factories]: [org.springframework.boot.test.autoconfigure.restdocs.RestDocsTestExecutionListener, org.springframework.boot.test.autoconfigure.web.client.MockRestServiceServerResetTestExecutionListener, org.springframework.boot.test.autoconfigure.web.servlet.MockMvcPrintOnlyOnFailureTestExecutionListener, org.springframework.boot.test.autoconfigure.web.servlet.WebDriverTestExecutionListener, org.springframework.boot.test.autoconfigure.webservices.client.MockWebServiceServerTestExecutionListener, org.springframework.boot.test.mock.mockito.MockitoTestExecutionListener, org.springframework.boot.test.mock.mockito.ResetMocksTestExecutionListener, org.springframework.test.context.web.ServletTestExecutionListener, org.springframework.test.context.support.DirtiesContextBeforeModesTestExecutionListener, org.springframework.test.context.event.ApplicationEventsTestExecutionListener, org.springframework.test.context.support.DependencyInjectionTestExecutionListener, org.springframework.test.context.support.DirtiesContextTestExecutionListener, org.springframework.test.context.transaction.TransactionalTestExecutionListener, org.springframework.test.context.jdbc.SqlScriptsTestExecutionListener, org.springframework.test.context.event.EventPublishingTestExecutionListener]
19:03:11.492 [Test worker] INFO org.springframework.boot.test.context.SpringBootTestContextBootstrapper - Using TestExecutionListeners: [org.springframework.test.context.web.ServletTestExecutionListener@2c444798, org.springframework.test.context.support.DirtiesContextBeforeModesTestExecutionListener@1af7f54a, org.springframework.test.context.event.ApplicationEventsTestExecutionListener@6ebd78d1, org.springframework.boot.test.mock.mockito.MockitoTestExecutionListener@436390f4, org.springframework.boot.test.autoconfigure.SpringBootDependencyInjectionTestExecutionListener@4d157787, org.springframework.test.context.support.DirtiesContextTestExecutionListener@68ed96ca, org.springframework.test.context.transaction.TransactionalTestExecutionListener@6d1310f6, org.springframework.test.context.jdbc.SqlScriptsTestExecutionListener@3228d990, org.springframework.test.context.event.EventPublishingTestExecutionListener@54e7391d, org.springframework.boot.test.autoconfigure.restdocs.RestDocsTestExecutionListener@50b8ae8d, org.springframework.boot.test.autoconfigure.web.client.MockRestServiceServerResetTestExecutionListener@255990cc, org.springframework.boot.test.autoconfigure.web.servlet.MockMvcPrintOnlyOnFailureTestExecutionListener@51c929ae, org.springframework.boot.test.autoconfigure.web.servlet.WebDriverTestExecutionListener@3c8bdd5b, org.springframework.boot.test.autoconfigure.webservices.client.MockWebServiceServerTestExecutionListener@29d2d081, org.springframework.boot.test.mock.mockito.ResetMocksTestExecutionListener@40e4ea87]
19:03:11.499 [Test worker] DEBUG org.springframework.test.context.support.AbstractDirtiesContextTestExecutionListener - Before test class: context [DefaultTestContext@1dfd5f51 testClass = MontapApplicationTests, testInstance = [null], testMethod = [null], testException = [null], mergedContextConfiguration = [WebMergedContextConfiguration@3c321bdb testClass = MontapApplicationTests, locations = '{}', classes = '{class com.project.montap.MontapApplication}', contextInitializerClasses = '[]', activeProfiles = '{}', propertySourceLocations = '{}', propertySourceProperties = '{org.springframework.boot.test.context.SpringBootTestContextBootstrapper=true}', contextCustomizers = set[org.springframework.boot.test.autoconfigure.actuate.metrics.MetricsExportContextCustomizerFactory$DisableMetricExportContextCustomizer@201b6b6f, org.springframework.boot.test.autoconfigure.properties.PropertyMappingContextCustomizer@0, org.springframework.boot.test.autoconfigure.web.servlet.WebDriverContextCustomizerFactory$Customizer@18230356, org.springframework.boot.test.context.filter.ExcludeFilterContextCustomizer@60d1a32f, org.springframework.boot.test.json.DuplicateJsonObjectContextCustomizerFactory$DuplicateJsonObjectContextCustomizer@1fcb4808, org.springframework.boot.test.mock.mockito.MockitoContextCustomizer@0, org.springframework.boot.test.web.client.TestRestTemplateContextCustomizer@12bcd0c0, org.springframework.boot.test.context.SpringBootTestArgs@1, org.springframework.boot.test.context.SpringBootTestWebEnvironment@3576ddc2], resourceBasePath = 'src/main/webapp', contextLoader = 'org.springframework.boot.test.context.SpringBootContextLoader', parent = [null]], attributes = map['org.springframework.test.context.web.ServletTestExecutionListener.activateListener' -> true]], class annotated with @DirtiesContext [false] with mode [null].
19:03:11.550 [Test worker] DEBUG org.springframework.test.context.support.TestPropertySourceUtils - Adding inlined properties to environment: {spring.jmx.enabled=false, org.springframework.boot.test.context.SpringBootTestContextBootstrapper=true}

  .   ____          _            __ _ _
 /\\ / ___'_ __ _ _(_)_ __  __ _ \ \ \ \
( ( )\___ | '_ | '_| | '_ \/ _` | \ \ \ \
 \\/  ___)| |_)| | | | | || (_| |  ) ) ) )
  '  |____| .__|_| |_|_| |_\__, | / / / /
 =========|_|==============|___/=/_/_/_/
 :: Spring Boot ::                (v2.5.6)

2021-10-31 19:03:11.999  INFO 2744 --- [    Test worker] c.project.montap.MontapApplicationTests  : Starting MontapApplicationTests using Java 11.0.12 on leemuru with PID 2744 (started by leemu in C:\Workspace\IJ-workspace\montap)
2021-10-31 19:03:12.002  INFO 2744 --- [    Test worker] c.project.montap.MontapApplicationTests  : No active profile set, falling back to default profiles: default
2021-10-31 19:03:13.231  INFO 2744 --- [    Test worker] .s.d.r.c.RepositoryConfigurationDelegate : Bootstrapping Spring Data JPA repositories in DEFAULT mode.
2021-10-31 19:03:13.403  INFO 2744 --- [    Test worker] .s.d.r.c.RepositoryConfigurationDelegate : Finished Spring Data repository scanning in 156 ms. Found 6 JPA repository interfaces.
2021-10-31 19:03:14.625  INFO 2744 --- [    Test worker] o.hibernate.jpa.internal.util.LogHelper  : HHH000204: Processing PersistenceUnitInfo [name: default]
2021-10-31 19:03:14.717  INFO 2744 --- [    Test worker] org.hibernate.Version                    : HHH000412: Hibernate ORM core version 5.4.32.Final
2021-10-31 19:03:15.003  INFO 2744 --- [    Test worker] o.hibernate.annotations.common.Version   : HCANN000001: Hibernate Commons Annotations {5.1.2.Final}
2021-10-31 19:03:15.193  INFO 2744 --- [    Test worker] com.zaxxer.hikari.HikariDataSource       : HikariPool-1 - Starting...
2021-10-31 19:03:15.438  INFO 2744 --- [    Test worker] com.zaxxer.hikari.HikariDataSource       : HikariPool-1 - Start completed.
2021-10-31 19:03:15.493  INFO 2744 --- [    Test worker] org.hibernate.dialect.Dialect            : HHH000400: Using dialect: org.hibernate.dialect.MySQL8Dialect
Hibernate: 
    
    alter table inventory_item 
       drop 
       foreign key FKhydweeo01basg7axxm7o0oy3d
Hibernate: 
    
    alter table inventory_item 
       drop 
       foreign key FKcy22psjpeklvuqjqxkuq9nde2
Hibernate: 
    
    alter table stage_log 
       drop 
       foreign key FK91r0pp3rvmvudcvievqyan82j
Hibernate: 
    
    alter table stage_log 
       drop 
       foreign key FK70muwdgp35du8jbwrqf1tm6jl
Hibernate: 
    
    drop table if exists hibernate_sequence
Hibernate: 
    
    drop table if exists inventory_item
Hibernate: 
    
    drop table if exists item
Hibernate: 
    
    drop table if exists stage
Hibernate: 
    
    drop table if exists stage_log
Hibernate: 
    
    drop table if exists users
Hibernate: 
    
    create table hibernate_sequence (
       next_val bigint
    ) engine=InnoDB
Hibernate: 
    
    insert into hibernate_sequence values ( 1 )
Hibernate: 
    
    create table inventory_item (
       inventory_item_idx bigint not null,
        drop_date TIMESTAMP DEFAULT CURRENT_TIMESTAMP,
        equip_yn INTEGER NOT NULL DEFAULT 0,
        item_idx bigint,
        user_idx bigint,
        primary key (inventory_item_idx)
    ) engine=InnoDB
Hibernate: 
    
    create table item (
       item_idx bigint not null,
        damage integer not null,
        defense integer not null,
        description varchar(255),
        hp integer not null,
        item_rank integer not null,
        item_type integer,
        item_url varchar(255),
        name varchar(255),
        price integer not null,
        primary key (item_idx)
    ) engine=InnoDB
Hibernate: 
    
    create table stage (
       stage_idx bigint not null,
        drop_money integer not null,
        is_boss varchar(255),
        monster_damage integer not null,
        monster_hp integer not null,
        monster_name varchar(255),
        monster_url varchar(255),
        stage_count integer not null,
        primary key (stage_idx)
    ) engine=InnoDB
Hibernate: 
    
    create table stage_log (
       stagelog_idx bigint not null,
        clear_date TIMESTAMP DEFAULT CURRENT_TIMESTAMP,
        is_clear INTEGER NOT NULL DEFAULT 1,
        stage_idx bigint,
        user_idx bigint,
        primary key (stagelog_idx)
    ) engine=InnoDB
Hibernate: 
    
    create table users (
       user_idx bigint not null,
        damage INTEGER NOT NULL DEFAULT 10,
        defense INTEGER NOT NULL DEFAULT 0,
        email varchar(255),
        hp INTEGER NOT NULL DEFAULT 100,
        money integer not null,
        nickname varchar(255),
        role varchar(255),
        stage integer not null,
        user_id varchar(255),
        user_pwd varchar(255),
        primary key (user_idx)
    ) engine=InnoDB
Hibernate: 
    
    alter table inventory_item 
       add constraint FKhydweeo01basg7axxm7o0oy3d 
       foreign key (item_idx) 
       references item (item_idx)
Hibernate: 
    
    alter table inventory_item 
       add constraint FKcy22psjpeklvuqjqxkuq9nde2 
       foreign key (user_idx) 
       references users (user_idx)
Hibernate: 
    
    alter table stage_log 
       add constraint FK91r0pp3rvmvudcvievqyan82j 
       foreign key (stage_idx) 
       references stage (stage_idx)
Hibernate: 
    
    alter table stage_log 
       add constraint FK70muwdgp35du8jbwrqf1tm6jl 
       foreign key (user_idx) 
       references users (user_idx)
2021-10-31 19:03:17.793  INFO 2744 --- [    Test worker] o.h.e.t.j.p.i.JtaPlatformInitiator       : HHH000490: Using JtaPlatform implementation: [org.hibernate.engine.transaction.jta.platform.internal.NoJtaPlatform]
2021-10-31 19:03:17.824  INFO 2744 --- [    Test worker] j.LocalContainerEntityManagerFactoryBean : Initialized JPA EntityManagerFactory for persistence unit 'default'
2021-10-31 19:03:18.878  WARN 2744 --- [    Test worker] JpaBaseConfiguration$JpaWebConfiguration : spring.jpa.open-in-view is enabled by default. Therefore, database queries may be performed during view rendering. Explicitly configure spring.jpa.open-in-view to disable this warning
2021-10-31 19:03:19.443  INFO 2744 --- [    Test worker] o.s.s.web.DefaultSecurityFilterChain     : Will secure any request with [org.springframework.security.web.context.request.async.WebAsyncManagerIntegrationFilter@4fea9f19, org.springframework.security.web.context.SecurityContextPersistenceFilter@400d1c30, org.springframework.security.web.header.HeaderWriterFilter@627a890f, org.springframework.security.web.authentication.logout.LogoutFilter@1e4b70c6, com.project.montap.security.filter.AjaxLoginProcessingFilter@5a23b9d1, org.springframework.security.web.savedrequest.RequestCacheAwareFilter@663e1144, org.springframework.security.web.servletapi.SecurityContextHolderAwareRequestFilter@5089a72b, org.springframework.security.web.authentication.AnonymousAuthenticationFilter@37a14aa1, org.springframework.security.web.session.SessionManagementFilter@2c9aeec6, org.springframework.security.web.access.ExceptionTranslationFilter@51b11186, org.springframework.security.web.access.intercept.FilterSecurityInterceptor@36ce0bc2]
2021-10-31 19:03:20.687  INFO 2744 --- [    Test worker] c.project.montap.MontapApplicationTests  : Started MontapApplicationTests in 9.128 seconds (JVM running for 11.368)
Hibernate: 
    select
        next_val as id_val 
    from
        hibernate_sequence for update
            
Hibernate: 
    update
        hibernate_sequence 
    set
        next_val= ? 
    where
        next_val=?
Hibernate: 
    select
        next_val as id_val 
    from
        hibernate_sequence for update
            
Hibernate: 
    update
        hibernate_sequence 
    set
        next_val= ? 
    where
        next_val=?
Hibernate: 
    select
        next_val as id_val 
    from
        hibernate_sequence for update
            
Hibernate: 
    update
        hibernate_sequence 
    set
        next_val= ? 
    where
        next_val=?
Hibernate: 
    select
        next_val as id_val 
    from
        hibernate_sequence for update
            
Hibernate: 
    update
        hibernate_sequence 
    set
        next_val= ? 
    where
        next_val=?
Hibernate: 
    select
        next_val as id_val 
    from
        hibernate_sequence for update
            
Hibernate: 
    update
        hibernate_sequence 
    set
        next_val= ? 
    where
        next_val=?
Hibernate: 
    select
        next_val as id_val 
    from
        hibernate_sequence for update
            
Hibernate: 
    update
        hibernate_sequence 
    set
        next_val= ? 
    where
        next_val=?
Hibernate: 
    select
        next_val as id_val 
    from
        hibernate_sequence for update
            
Hibernate: 
    update
        hibernate_sequence 
    set
        next_val= ? 
    where
        next_val=?
Hibernate: 
    select
        next_val as id_val 
    from
        hibernate_sequence for update
            
Hibernate: 
    update
        hibernate_sequence 
    set
        next_val= ? 
    where
        next_val=?
Hibernate: 
    select
        next_val as id_val 
    from
        hibernate_sequence for update
            
Hibernate: 
    update
        hibernate_sequence 
    set
        next_val= ? 
    where
        next_val=?
Hibernate: 
    select
        next_val as id_val 
    from
        hibernate_sequence for update
            
Hibernate: 
    update
        hibernate_sequence 
    set
        next_val= ? 
    where
        next_val=?
Hibernate: 
    select
        next_val as id_val 
    from
        hibernate_sequence for update
            
Hibernate: 
    update
        hibernate_sequence 
    set
        next_val= ? 
    where
        next_val=?
Hibernate: 
    select
        next_val as id_val 
    from
        hibernate_sequence for update
            
Hibernate: 
    update
        hibernate_sequence 
    set
        next_val= ? 
    where
        next_val=?
Hibernate: 
    select
        next_val as id_val 
    from
        hibernate_sequence for update
            
Hibernate: 
    update
        hibernate_sequence 
    set
        next_val= ? 
    where
        next_val=?
Hibernate: 
    select
        next_val as id_val 
    from
        hibernate_sequence for update
            
Hibernate: 
    update
        hibernate_sequence 
    set
        next_val= ? 
    where
        next_val=?
Hibernate: 
    select
        next_val as id_val 
    from
        hibernate_sequence for update
            
Hibernate: 
    update
        hibernate_sequence 
    set
        next_val= ? 
    where
        next_val=?
Hibernate: 
    insert 
    into
        item
        (damage, defense, description, hp, item_rank, item_type, item_url, name, price, item_idx) 
    values
        (?, ?, ?, ?, ?, ?, ?, ?, ?, ?)
Hibernate: 
    insert 
    into
        item
        (damage, defense, description, hp, item_rank, item_type, item_url, name, price, item_idx) 
    values
        (?, ?, ?, ?, ?, ?, ?, ?, ?, ?)
Hibernate: 
    insert 
    into
        item
        (damage, defense, description, hp, item_rank, item_type, item_url, name, price, item_idx) 
    values
        (?, ?, ?, ?, ?, ?, ?, ?, ?, ?)
Hibernate: 
    insert 
    into
        item
        (damage, defense, description, hp, item_rank, item_type, item_url, name, price, item_idx) 
    values
        (?, ?, ?, ?, ?, ?, ?, ?, ?, ?)
Hibernate: 
    insert 
    into
        item
        (damage, defense, description, hp, item_rank, item_type, item_url, name, price, item_idx) 
    values
        (?, ?, ?, ?, ?, ?, ?, ?, ?, ?)
Hibernate: 
    insert 
    into
        item
        (damage, defense, description, hp, item_rank, item_type, item_url, name, price, item_idx) 
    values
        (?, ?, ?, ?, ?, ?, ?, ?, ?, ?)
Hibernate: 
    insert 
    into
        item
        (damage, defense, description, hp, item_rank, item_type, item_url, name, price, item_idx) 
    values
        (?, ?, ?, ?, ?, ?, ?, ?, ?, ?)
Hibernate: 
    insert 
    into
        item
        (damage, defense, description, hp, item_rank, item_type, item_url, name, price, item_idx) 
    values
        (?, ?, ?, ?, ?, ?, ?, ?, ?, ?)
Hibernate: 
    insert 
    into
        item
        (damage, defense, description, hp, item_rank, item_type, item_url, name, price, item_idx) 
    values
        (?, ?, ?, ?, ?, ?, ?, ?, ?, ?)
Hibernate: 
    insert 
    into
        item
        (damage, defense, description, hp, item_rank, item_type, item_url, name, price, item_idx) 
    values
        (?, ?, ?, ?, ?, ?, ?, ?, ?, ?)
Hibernate: 
    insert 
    into
        item
        (damage, defense, description, hp, item_rank, item_type, item_url, name, price, item_idx) 
    values
        (?, ?, ?, ?, ?, ?, ?, ?, ?, ?)
Hibernate: 
    insert 
    into
        item
        (damage, defense, description, hp, item_rank, item_type, item_url, name, price, item_idx) 
    values
        (?, ?, ?, ?, ?, ?, ?, ?, ?, ?)
Hibernate: 
    insert 
    into
        item
        (damage, defense, description, hp, item_rank, item_type, item_url, name, price, item_idx) 
    values
        (?, ?, ?, ?, ?, ?, ?, ?, ?, ?)
Hibernate: 
    insert 
    into
        item
        (damage, defense, description, hp, item_rank, item_type, item_url, name, price, item_idx) 
    values
        (?, ?, ?, ?, ?, ?, ?, ?, ?, ?)
Hibernate: 
    insert 
    into
        item
        (damage, defense, description, hp, item_rank, item_type, item_url, name, price, item_idx) 
    values
        (?, ?, ?, ?, ?, ?, ?, ?, ?, ?)
]]></system-out>
  <system-err><![CDATA[]]></system-err>
</testsuite>
